[09-Nov-2018 02:44:05 UTC] PHP Warning:  require_once(/home/tv2g6ggiv02w/uptime.admin.com/vendor/composer/autoload_real.php): failed to open stream: No such file or directory in /home/tv2g6ggiv02w/uptime.admin.com/vendor/autoload.php on line 5
[09-Nov-2018 02:44:05 UTC] PHP Fatal error:  require_once(): Failed opening required '/home/tv2g6ggiv02w/uptime.admin.com/vendor/composer/autoload_real.php' (include_path='.:/opt/alt/php71/usr/share/pear') in /home/tv2g6ggiv02w/uptime.admin.com/vendor/autoload.php on line 5
[08-Nov-2018 23:23:13 America/Los_Angeles] PHP Warning:  Uncaught ErrorException: require(/home/tv2g6ggiv02w/uptime.admin.com/routes/web.php): failed to open stream: No such file or directory in /home/tv2g6ggiv02w/uptime.admin.com/vendor/laravel/framework/src/Illuminate/Routing/Router.php:400
Stack trace:
#0 /home/tv2g6ggiv02w/uptime.admin.com/vendor/laravel/framework/src/Illuminate/Routing/Router.php(400): Illuminate\Foundation\Bootstrap\HandleExceptions->handleError(2, 'require(/home/t...', '/home/tv2g6ggiv...', 400, Array)
#1 /home/tv2g6ggiv02w/uptime.admin.com/vendor/laravel/framework/src/Illuminate/Routing/Router.php(400): require()
#2 /home/tv2g6ggiv02w/uptime.admin.com/vendor/laravel/framework/src/Illuminate/Routing/Router.php(356): Illuminate\Routing\Router->loadRoutes('/home/tv2g6ggiv...')
#3 /home/tv2g6ggiv02w/uptime.admin.com/vendor/laravel/framework/src/Illuminate/Routing/RouteRegistrar.php(121): Illuminate\Routing\Router->group(Array, '/home/tv2g6ggiv...')
#4 /home/tv2g6ggiv02w/uptime.admin.com/app/Providers/RouteServiceProvider.php(56): Illuminate\Rou in /home/tv2g6ggiv02w/uptime.admin.com/vendor/laravel/framework/src/Illuminate/Routing/Router.php on line 400
[08-Nov-2018 23:23:13 America/Los_Angeles] PHP Fatal error:  Illuminate\Routing\Router::loadRoutes(): Failed opening required '/home/tv2g6ggiv02w/uptime.admin.com/routes/web.php' (include_path='.:/opt/alt/php71/usr/share/pear') in /home/tv2g6ggiv02w/uptime.admin.com/vendor/laravel/framework/src/Illuminate/Routing/Router.php on line 400
[08-Nov-2018 23:23:15 America/Los_Angeles] PHP Warning:  Uncaught ErrorException: require(/home/tv2g6ggiv02w/uptime.admin.com/routes/web.php): failed to open stream: No such file or directory in /home/tv2g6ggiv02w/uptime.admin.com/vendor/laravel/framework/src/Illuminate/Routing/Router.php:400
Stack trace:
#0 /home/tv2g6ggiv02w/uptime.admin.com/vendor/laravel/framework/src/Illuminate/Routing/Router.php(400): Illuminate\Foundation\Bootstrap\HandleExceptions->handleError(2, 'require(/home/t...', '/home/tv2g6ggiv...', 400, Array)
#1 /home/tv2g6ggiv02w/uptime.admin.com/vendor/laravel/framework/src/Illuminate/Routing/Router.php(400): require()
#2 /home/tv2g6ggiv02w/uptime.admin.com/vendor/laravel/framework/src/Illuminate/Routing/Router.php(356): Illuminate\Routing\Router->loadRoutes('/home/tv2g6ggiv...')
#3 /home/tv2g6ggiv02w/uptime.admin.com/vendor/laravel/framework/src/Illuminate/Routing/RouteRegistrar.php(121): Illuminate\Routing\Router->group(Array, '/home/tv2g6ggiv...')
#4 /home/tv2g6ggiv02w/uptime.admin.com/app/Providers/RouteServiceProvider.php(56): Illuminate\Rou in /home/tv2g6ggiv02w/uptime.admin.com/vendor/laravel/framework/src/Illuminate/Routing/Router.php on line 400
[08-Nov-2018 23:23:15 America/Los_Angeles] PHP Fatal error:  Illuminate\Routing\Router::loadRoutes(): Failed opening required '/home/tv2g6ggiv02w/uptime.admin.com/routes/web.php' (include_path='.:/opt/alt/php71/usr/share/pear') in /home/tv2g6ggiv02w/uptime.admin.com/vendor/laravel/framework/src/Illuminate/Routing/Router.php on line 400
[08-Nov-2018 23:23:18 America/Los_Angeles] PHP Warning:  Uncaught ErrorException: require(/home/tv2g6ggiv02w/uptime.admin.com/routes/web.php): failed to open stream: No such file or directory in /home/tv2g6ggiv02w/uptime.admin.com/vendor/laravel/framework/src/Illuminate/Routing/Router.php:400
Stack trace:
#0 /home/tv2g6ggiv02w/uptime.admin.com/vendor/laravel/framework/src/Illuminate/Routing/Router.php(400): Illuminate\Foundation\Bootstrap\HandleExceptions->handleError(2, 'require(/home/t...', '/home/tv2g6ggiv...', 400, Array)
#1 /home/tv2g6ggiv02w/uptime.admin.com/vendor/laravel/framework/src/Illuminate/Routing/Router.php(400): require()
#2 /home/tv2g6ggiv02w/uptime.admin.com/vendor/laravel/framework/src/Illuminate/Routing/Router.php(356): Illuminate\Routing\Router->loadRoutes('/home/tv2g6ggiv...')
#3 /home/tv2g6ggiv02w/uptime.admin.com/vendor/laravel/framework/src/Illuminate/Routing/RouteRegistrar.php(121): Illuminate\Routing\Router->group(Array, '/home/tv2g6ggiv...')
#4 /home/tv2g6ggiv02w/uptime.admin.com/app/Providers/RouteServiceProvider.php(56): Illuminate\Rou in /home/tv2g6ggiv02w/uptime.admin.com/vendor/laravel/framework/src/Illuminate/Routing/Router.php on line 400
[08-Nov-2018 23:23:18 America/Los_Angeles] PHP Fatal error:  Illuminate\Routing\Router::loadRoutes(): Failed opening required '/home/tv2g6ggiv02w/uptime.admin.com/routes/web.php' (include_path='.:/opt/alt/php71/usr/share/pear') in /home/tv2g6ggiv02w/uptime.admin.com/vendor/laravel/framework/src/Illuminate/Routing/Router.php on line 400
[09-Nov-2018 07:26:58 UTC] PHP Warning:  require_once(/home/tv2g6ggiv02w/uptime.admin.com/vendor/composer/autoload_real.php): failed to open stream: No such file or directory in /home/tv2g6ggiv02w/uptime.admin.com/vendor/autoload.php on line 5
[09-Nov-2018 07:26:58 UTC] PHP Fatal error:  require_once(): Failed opening required '/home/tv2g6ggiv02w/uptime.admin.com/vendor/composer/autoload_real.php' (include_path='.:/opt/alt/php71/usr/share/pear') in /home/tv2g6ggiv02w/uptime.admin.com/vendor/autoload.php on line 5
[09-Nov-2018 09:05:19 UTC] PHP Warning:  require_once(/home/tv2g6ggiv02w/uptime.admin.com/vendor/composer/autoload_real.php): failed to open stream: No such file or directory in /home/tv2g6ggiv02w/uptime.admin.com/vendor/autoload.php on line 5
[09-Nov-2018 09:05:19 UTC] PHP Fatal error:  require_once(): Failed opening required '/home/tv2g6ggiv02w/uptime.admin.com/vendor/composer/autoload_real.php' (include_path='.:/opt/alt/php71/usr/share/pear') in /home/tv2g6ggiv02w/uptime.admin.com/vendor/autoload.php on line 5
[11-Nov-2018 05:50:02 America/Los_Angeles] PHP Fatal error:  Maximum execution time of 30 seconds exceeded in /home/tv2g6ggiv02w/uptime.admin.com/app/Http/Controllers/API/ApiController.php on line 1477
[15-Nov-2018 08:29:34 America/Los_Angeles] PHP Fatal error:  Cannot use temporary expression in write context in /home/tv2g6ggiv02w/uptime.admin.com/app/Http/Controllers/API/ApiController.php on line 358
[11-Dec-2018 18:50:02 America/Los_Angeles] PHP Fatal error:  Cannot redeclare App\Http\Controllers\API\ApiController::getEmployee() in /home/tv2g6ggiv02w/uptime.admin.com/app/Http/Controllers/API/ApiController.php on line 2785
[11-Dec-2018 18:50:13 America/Los_Angeles] PHP Fatal error:  Cannot redeclare App\Http\Controllers\API\ApiController::getEmployee() in /home/tv2g6ggiv02w/uptime.admin.com/app/Http/Controllers/API/ApiController.php on line 2785
[11-Dec-2018 18:50:18 America/Los_Angeles] PHP Fatal error:  Cannot redeclare App\Http\Controllers\API\ApiController::getEmployee() in /home/tv2g6ggiv02w/uptime.admin.com/app/Http/Controllers/API/ApiController.php on line 2785
[11-Dec-2018 18:51:51 America/Los_Angeles] PHP Fatal error:  Cannot redeclare App\Http\Controllers\API\ApiController::getEmployee() in /home/tv2g6ggiv02w/uptime.admin.com/app/Http/Controllers/API/ApiController.php on line 2785
[11-Dec-2018 18:52:12 America/Los_Angeles] PHP Fatal error:  Cannot redeclare App\Http\Controllers\API\ApiController::getCompanyInfo() in /home/tv2g6ggiv02w/uptime.admin.com/app/Http/Controllers/API/ApiController.php on line 1544
[11-Dec-2018 18:52:47 America/Los_Angeles] PHP Fatal error:  Cannot redeclare App\Http\Controllers\API\ApiController::getCompanyInfo() in /home/tv2g6ggiv02w/uptime.admin.com/app/Http/Controllers/API/ApiController.php on line 1544
[10-Jan-2019 03:53:02 UTC] PHP Warning:  unlink(composer-setup.php): No such file or directory in Command line code on line 1
[10-Jan-2019 04:28:16 UTC] PHP Warning:  hash_file(composer-setup.php): failed to open stream: No such file or directory in Command line code on line 1
[10-Jan-2019 04:28:16 UTC] PHP Warning:  unlink(composer-setup.php): No such file or directory in Command line code on line 1
[10-Jan-2019 04:28:36 UTC] PHP Warning:  unlink(composer-setup.php): No such file or directory in Command line code on line 1
[10-Jan-2019 04:28:51 UTC] PHP Warning:  hash_file(composer-setup.php): failed to open stream: No such file or directory in Command line code on line 1
[10-Jan-2019 04:28:51 UTC] PHP Warning:  unlink(composer-setup.php): No such file or directory in Command line code on line 1
[14-Jan-2019 12:57:55 America/Los_Angeles] PHP Fatal error:  Cannot use Session as Session because the name is already in use in /home/tv2g6ggiv02w/uptime.admin.com/app/Http/Controllers/executive/LevelChallengeController.php on line 19
[16-Jan-2019 05:53:23 America/Los_Angeles] PHP Fatal error:  Cannot use Image as Image because the name is already in use in /home/tv2g6ggiv02w/uptime.admin.com/app/Http/Controllers/executive/EmployeeloginController.php on line 28
[16-Jan-2019 05:54:57 America/Los_Angeles] PHP Fatal error:  Allowed memory size of 134217728 bytes exhausted (tried to allocate 16384 bytes) in /home/tv2g6ggiv02w/uptime.admin.com/vendor/intervention/image/src/Intervention/Image/Gd/Decoder.php on line 136
[16-Jan-2019 05:55:29 America/Los_Angeles] PHP Fatal error:  Allowed memory size of 134217728 bytes exhausted (tried to allocate 16384 bytes) in /home/tv2g6ggiv02w/uptime.admin.com/vendor/intervention/image/src/Intervention/Image/Gd/Decoder.php on line 136
[16-Jan-2019 05:57:09 America/Los_Angeles] PHP Fatal error:  Allowed memory size of 134217728 bytes exhausted (tried to allocate 16384 bytes) in /home/tv2g6ggiv02w/uptime.admin.com/vendor/intervention/image/src/Intervention/Image/Gd/Decoder.php on line 136
[18-Jan-2019 01:50:58 America/Los_Angeles] PHP Fatal error:  Allowed memory size of 134217728 bytes exhausted (tried to allocate 16384 bytes) in /home/tv2g6ggiv02w/uptime.admin.com/vendor/intervention/image/src/Intervention/Image/Gd/Decoder.php on line 136
[18-Jan-2019 05:42:04 America/Los_Angeles] PHP Fatal error:  Allowed memory size of 134217728 bytes exhausted (tried to allocate 16384 bytes) in /home/tv2g6ggiv02w/uptime.admin.com/vendor/intervention/image/src/Intervention/Image/Gd/Decoder.php on line 136
[18-Jan-2019 05:42:23 America/Los_Angeles] PHP Fatal error:  Allowed memory size of 134217728 bytes exhausted (tried to allocate 16384 bytes) in /home/tv2g6ggiv02w/uptime.admin.com/vendor/intervention/image/src/Intervention/Image/Gd/Decoder.php on line 136
[18-Jan-2019 05:43:02 America/Los_Angeles] PHP Fatal error:  Allowed memory size of 134217728 bytes exhausted (tried to allocate 16384 bytes) in /home/tv2g6ggiv02w/uptime.admin.com/vendor/intervention/image/src/Intervention/Image/Gd/Decoder.php on line 136
[18-Jan-2019 06:11:05 America/Los_Angeles] PHP Fatal error:  Allowed memory size of 134217728 bytes exhausted (tried to allocate 16384 bytes) in /home/tv2g6ggiv02w/uptime.admin.com/vendor/intervention/image/src/Intervention/Image/Gd/Decoder.php on line 136
[18-Jan-2019 06:12:38 America/Los_Angeles] PHP Fatal error:  Allowed memory size of 134217728 bytes exhausted (tried to allocate 16384 bytes) in /home/tv2g6ggiv02w/uptime.admin.com/vendor/intervention/image/src/Intervention/Image/Gd/Decoder.php on line 136
[18-Jan-2019 06:13:17 America/Los_Angeles] PHP Fatal error:  Allowed memory size of 134217728 bytes exhausted (tried to allocate 16384 bytes) in /home/tv2g6ggiv02w/uptime.admin.com/vendor/intervention/image/src/Intervention/Image/Gd/Decoder.php on line 136
[18-Jan-2019 06:15:44 America/Los_Angeles] PHP Fatal error:  Allowed memory size of 134217728 bytes exhausted (tried to allocate 16384 bytes) in /home/tv2g6ggiv02w/uptime.admin.com/vendor/intervention/image/src/Intervention/Image/Gd/Decoder.php on line 136
[21-Jan-2019 01:05:48 America/Los_Angeles] PHP Fatal error:  Cannot use Imagick as Imagick because the name is already in use in /home/tv2g6ggiv02w/uptime.admin.com/app/Http/Controllers/executive/EmployeeloginController.php on line 27
[21-Jan-2019 01:06:09 America/Los_Angeles] PHP Fatal error:  Cannot redeclare App\Http\Controllers\executive\EmployeeloginController::rotetImage() in /home/tv2g6ggiv02w/uptime.admin.com/app/Http/Controllers/executive/EmployeeloginController.php on line 1214
[21-Jan-2019 01:06:27 America/Los_Angeles] PHP Fatal error:  Cannot redeclare App\Http\Controllers\executive\EmployeeloginController::rotetImage() in /home/tv2g6ggiv02w/uptime.admin.com/app/Http/Controllers/executive/EmployeeloginController.php on line 1214
[24-Jan-2019 03:11:21 America/Los_Angeles] PHP Fatal error:  Cannot redeclare App\Http\Controllers\executive\TestController::makepdf() in /home/tv2g6ggiv02w/uptime.admin.com/app/Http/Controllers/executive/TestController.php on line 72
[24-Jan-2019 03:11:25 America/Los_Angeles] PHP Fatal error:  Cannot redeclare App\Http\Controllers\executive\TestController::makepdf() in /home/tv2g6ggiv02w/uptime.admin.com/app/Http/Controllers/executive/TestController.php on line 72
[24-Jan-2019 03:11:28 America/Los_Angeles] PHP Fatal error:  Cannot redeclare App\Http\Controllers\executive\TestController::makepdf() in /home/tv2g6ggiv02w/uptime.admin.com/app/Http/Controllers/executive/TestController.php on line 72
[24-Jan-2019 03:11:37 America/Los_Angeles] PHP Fatal error:  Cannot redeclare App\Http\Controllers\executive\TestController::makepdf() in /home/tv2g6ggiv02w/uptime.admin.com/app/Http/Controllers/executive/TestController.php on line 72
[24-Jan-2019 03:11:40 America/Los_Angeles] PHP Fatal error:  Cannot redeclare App\Http\Controllers\executive\TestController::makepdf() in /home/tv2g6ggiv02w/uptime.admin.com/app/Http/Controllers/executive/TestController.php on line 72
[24-Jan-2019 03:11:45 America/Los_Angeles] PHP Fatal error:  Cannot redeclare App\Http\Controllers\executive\TestController::makepdf() in /home/tv2g6ggiv02w/uptime.admin.com/app/Http/Controllers/executive/TestController.php on line 72
[24-Jan-2019 03:12:52 America/Los_Angeles] PHP Fatal error:  Cannot redeclare App\Http\Controllers\executive\TestController::makepdf() in /home/tv2g6ggiv02w/uptime.admin.com/app/Http/Controllers/executive/TestController.php on line 72
[24-Jan-2019 03:12:56 America/Los_Angeles] PHP Fatal error:  Cannot redeclare App\Http\Controllers\executive\TestController::makepdf() in /home/tv2g6ggiv02w/uptime.admin.com/app/Http/Controllers/executive/TestController.php on line 72
[24-Jan-2019 03:12:58 America/Los_Angeles] PHP Fatal error:  Cannot redeclare App\Http\Controllers\executive\TestController::makepdf() in /home/tv2g6ggiv02w/uptime.admin.com/app/Http/Controllers/executive/TestController.php on line 72
[24-Jan-2019 03:13:00 America/Los_Angeles] PHP Fatal error:  Cannot redeclare App\Http\Controllers\executive\TestController::makepdf() in /home/tv2g6ggiv02w/uptime.admin.com/app/Http/Controllers/executive/TestController.php on line 72
[24-Jan-2019 03:13:01 America/Los_Angeles] PHP Fatal error:  Cannot redeclare App\Http\Controllers\executive\TestController::makepdf() in /home/tv2g6ggiv02w/uptime.admin.com/app/Http/Controllers/executive/TestController.php on line 72
[24-Jan-2019 03:13:18 America/Los_Angeles] PHP Fatal error:  Cannot redeclare App\Http\Controllers\executive\TestController::makepdf() in /home/tv2g6ggiv02w/uptime.admin.com/app/Http/Controllers/executive/TestController.php on line 72
[24-Jan-2019 03:13:19 America/Los_Angeles] PHP Fatal error:  Cannot redeclare App\Http\Controllers\executive\TestController::makepdf() in /home/tv2g6ggiv02w/uptime.admin.com/app/Http/Controllers/executive/TestController.php on line 72
[24-Jan-2019 03:13:19 America/Los_Angeles] PHP Fatal error:  Cannot redeclare App\Http\Controllers\executive\TestController::makepdf() in /home/tv2g6ggiv02w/uptime.admin.com/app/Http/Controllers/executive/TestController.php on line 72
[24-Jan-2019 03:13:19 America/Los_Angeles] PHP Fatal error:  Cannot redeclare App\Http\Controllers\executive\TestController::makepdf() in /home/tv2g6ggiv02w/uptime.admin.com/app/Http/Controllers/executive/TestController.php on line 72
[24-Jan-2019 03:13:19 America/Los_Angeles] PHP Fatal error:  Cannot redeclare App\Http\Controllers\executive\TestController::makepdf() in /home/tv2g6ggiv02w/uptime.admin.com/app/Http/Controllers/executive/TestController.php on line 72
[24-Jan-2019 03:13:19 America/Los_Angeles] PHP Fatal error:  Cannot redeclare App\Http\Controllers\executive\TestController::makepdf() in /home/tv2g6ggiv02w/uptime.admin.com/app/Http/Controllers/executive/TestController.php on line 72
[24-Jan-2019 03:13:20 America/Los_Angeles] PHP Fatal error:  Cannot redeclare App\Http\Controllers\executive\TestController::makepdf() in /home/tv2g6ggiv02w/uptime.admin.com/app/Http/Controllers/executive/TestController.php on line 72
[24-Jan-2019 03:13:20 America/Los_Angeles] PHP Fatal error:  Cannot redeclare App\Http\Controllers\executive\TestController::makepdf() in /home/tv2g6ggiv02w/uptime.admin.com/app/Http/Controllers/executive/TestController.php on line 72
[24-Jan-2019 03:13:20 America/Los_Angeles] PHP Fatal error:  Cannot redeclare App\Http\Controllers\executive\TestController::makepdf() in /home/tv2g6ggiv02w/uptime.admin.com/app/Http/Controllers/executive/TestController.php on line 72
[24-Jan-2019 03:13:20 America/Los_Angeles] PHP Fatal error:  Cannot redeclare App\Http\Controllers\executive\TestController::makepdf() in /home/tv2g6ggiv02w/uptime.admin.com/app/Http/Controllers/executive/TestController.php on line 72
[24-Jan-2019 03:13:20 America/Los_Angeles] PHP Fatal error:  Cannot redeclare App\Http\Controllers\executive\TestController::makepdf() in /home/tv2g6ggiv02w/uptime.admin.com/app/Http/Controllers/executive/TestController.php on line 72
[24-Jan-2019 03:13:47 America/Los_Angeles] PHP Fatal error:  Cannot redeclare App\Http\Controllers\executive\TestController::makepdf() in /home/tv2g6ggiv02w/uptime.admin.com/app/Http/Controllers/executive/TestController.php on line 72
[24-Jan-2019 03:13:47 America/Los_Angeles] PHP Fatal error:  Cannot redeclare App\Http\Controllers\executive\TestController::makepdf() in /home/tv2g6ggiv02w/uptime.admin.com/app/Http/Controllers/executive/TestController.php on line 72
[24-Jan-2019 03:13:48 America/Los_Angeles] PHP Fatal error:  Cannot redeclare App\Http\Controllers\executive\TestController::makepdf() in /home/tv2g6ggiv02w/uptime.admin.com/app/Http/Controllers/executive/TestController.php on line 72
[24-Jan-2019 03:13:49 America/Los_Angeles] PHP Fatal error:  Cannot redeclare App\Http\Controllers\executive\TestController::makepdf() in /home/tv2g6ggiv02w/uptime.admin.com/app/Http/Controllers/executive/TestController.php on line 72
[24-Jan-2019 03:13:51 America/Los_Angeles] PHP Fatal error:  Cannot redeclare App\Http\Controllers\executive\TestController::makepdf() in /home/tv2g6ggiv02w/uptime.admin.com/app/Http/Controllers/executive/TestController.php on line 72
[24-Jan-2019 03:13:56 America/Los_Angeles] PHP Fatal error:  Cannot redeclare App\Http\Controllers\executive\TestController::makepdf() in /home/tv2g6ggiv02w/uptime.admin.com/app/Http/Controllers/executive/TestController.php on line 72
[24-Jan-2019 03:13:57 America/Los_Angeles] PHP Fatal error:  Cannot redeclare App\Http\Controllers\executive\TestController::makepdf() in /home/tv2g6ggiv02w/uptime.admin.com/app/Http/Controllers/executive/TestController.php on line 72
[24-Jan-2019 03:14:00 America/Los_Angeles] PHP Fatal error:  Cannot redeclare App\Http\Controllers\executive\TestController::makepdf() in /home/tv2g6ggiv02w/uptime.admin.com/app/Http/Controllers/executive/TestController.php on line 72
[24-Jan-2019 03:14:01 America/Los_Angeles] PHP Fatal error:  Cannot redeclare App\Http\Controllers\executive\TestController::makepdf() in /home/tv2g6ggiv02w/uptime.admin.com/app/Http/Controllers/executive/TestController.php on line 72
[24-Jan-2019 03:17:25 America/Los_Angeles] PHP Fatal error:  Cannot redeclare App\Http\Controllers\executive\TestController::makepdf() in /home/tv2g6ggiv02w/uptime.admin.com/app/Http/Controllers/executive/TestController.php on line 72
[29-Jan-2019 19:41:26 America/Los_Angeles] PHP Fatal error:  Cannot redeclare App\Http\Controllers\API\ApiController::addArray() in /home/tv2g6ggiv02w/uptime.admin.com/app/Http/Controllers/API/ApiController.php on line 3458
[29-Jan-2019 19:41:42 America/Los_Angeles] PHP Fatal error:  Cannot redeclare App\Http\Controllers\API\ApiController::addArray() in /home/tv2g6ggiv02w/uptime.admin.com/app/Http/Controllers/API/ApiController.php on line 3458
[29-Jan-2019 19:42:16 America/Los_Angeles] PHP Fatal error:  Cannot redeclare App\Http\Controllers\API\ApiController::addArray() in /home/tv2g6ggiv02w/uptime.admin.com/app/Http/Controllers/API/ApiController.php on line 3458
[29-Jan-2019 19:42:26 America/Los_Angeles] PHP Fatal error:  Cannot redeclare App\Http\Controllers\API\ApiController::addArray() in /home/tv2g6ggiv02w/uptime.admin.com/app/Http/Controllers/API/ApiController.php on line 3458
[29-Jan-2019 19:42:32 America/Los_Angeles] PHP Fatal error:  Cannot redeclare App\Http\Controllers\API\ApiController::addArray() in /home/tv2g6ggiv02w/uptime.admin.com/app/Http/Controllers/API/ApiController.php on line 3458
[06-Feb-2019 07:12:36 America/Los_Angeles] PHP Fatal error:  Namespace declaration statement has to be the very first statement or after any declare call in the script in /home/tv2g6ggiv02w/uptime.admin.com/app/Http/Controllers/API/ApiController.php on line 4
[07-Mar-2019 07:52:48 America/Los_Angeles] PHP Fatal error:  Allowed memory size of 134217728 bytes exhausted (tried to allocate 20480 bytes) in /home/tv2g6ggiv02w/uptime.admin.com/vendor/laravel/framework/src/Illuminate/Database/Connection.php on line 332
[07-Mar-2019 07:54:11 America/Los_Angeles] PHP Fatal error:  Allowed memory size of 134217728 bytes exhausted (tried to allocate 262144 bytes) in /home/tv2g6ggiv02w/uptime.admin.com/vendor/laravel/framework/src/Illuminate/Database/Connection.php on line 330
[07-Mar-2019 07:54:43 America/Los_Angeles] PHP Fatal error:  Allowed memory size of 134217728 bytes exhausted (tried to allocate 20480 bytes) in /home/tv2g6ggiv02w/uptime.admin.com/vendor/laravel/framework/src/Illuminate/Database/Connection.php on line 332
[07-Mar-2019 07:54:53 America/Los_Angeles] PHP Fatal error:  Allowed memory size of 134217728 bytes exhausted (tried to allocate 20480 bytes) in /home/tv2g6ggiv02w/uptime.admin.com/vendor/laravel/framework/src/Illuminate/Database/Connection.php on line 332
[07-Mar-2019 07:54:53 America/Los_Angeles] PHP Fatal error:  Allowed memory size of 134217728 bytes exhausted (tried to allocate 20480 bytes) in /home/tv2g6ggiv02w/uptime.admin.com/vendor/laravel/framework/src/Illuminate/Database/Connection.php on line 332
[07-Mar-2019 07:54:59 America/Los_Angeles] PHP Fatal error:  Allowed memory size of 134217728 bytes exhausted (tried to allocate 262144 bytes) in /home/tv2g6ggiv02w/uptime.admin.com/vendor/laravel/framework/src/Illuminate/Database/Connection.php on line 330
[07-Mar-2019 07:55:18 America/Los_Angeles] PHP Fatal error:  Allowed memory size of 134217728 bytes exhausted (tried to allocate 262144 bytes) in /home/tv2g6ggiv02w/uptime.admin.com/vendor/laravel/framework/src/Illuminate/Database/Connection.php on line 330
[07-Mar-2019 07:55:56 America/Los_Angeles] PHP Fatal error:  Allowed memory size of 134217728 bytes exhausted (tried to allocate 262144 bytes) in /home/tv2g6ggiv02w/uptime.admin.com/vendor/laravel/framework/src/Illuminate/Database/Connection.php on line 330
[07-Mar-2019 07:57:04 America/Los_Angeles] PHP Fatal error:  Allowed memory size of 134217728 bytes exhausted (tried to allocate 262144 bytes) in /home/tv2g6ggiv02w/uptime.admin.com/vendor/laravel/framework/src/Illuminate/Database/Connection.php on line 330
[07-Mar-2019 11:01:51 America/Los_Angeles] PHP Fatal error:  Allowed memory size of 134217728 bytes exhausted (tried to allocate 20480 bytes) in /home/tv2g6ggiv02w/uptime.admin.com/vendor/laravel/framework/src/Illuminate/Database/Connection.php on line 332
[07-Mar-2019 11:06:15 America/Los_Angeles] PHP Fatal error:  Allowed memory size of 134217728 bytes exhausted (tried to allocate 20480 bytes) in /home/tv2g6ggiv02w/uptime.admin.com/vendor/laravel/framework/src/Illuminate/Database/Connection.php on line 332
[07-Mar-2019 11:08:30 America/Los_Angeles] PHP Fatal error:  Allowed memory size of 134217728 bytes exhausted (tried to allocate 20480 bytes) in /home/tv2g6ggiv02w/uptime.admin.com/vendor/laravel/framework/src/Illuminate/Database/Connection.php on line 332
[07-Mar-2019 11:08:51 America/Los_Angeles] PHP Fatal error:  Allowed memory size of 134217728 bytes exhausted (tried to allocate 20480 bytes) in /home/tv2g6ggiv02w/uptime.admin.com/vendor/laravel/framework/src/Illuminate/Database/Connection.php on line 332
[07-Mar-2019 11:10:36 America/Los_Angeles] PHP Fatal error:  Allowed memory size of 134217728 bytes exhausted (tried to allocate 20480 bytes) in /home/tv2g6ggiv02w/uptime.admin.com/vendor/laravel/framework/src/Illuminate/Database/Connection.php on line 332
[07-Mar-2019 11:10:37 America/Los_Angeles] PHP Fatal error:  Allowed memory size of 134217728 bytes exhausted (tried to allocate 20480 bytes) in /home/tv2g6ggiv02w/uptime.admin.com/vendor/laravel/framework/src/Illuminate/Database/Connection.php on line 332
[07-Mar-2019 11:10:41 America/Los_Angeles] PHP Fatal error:  Allowed memory size of 134217728 bytes exhausted (tried to allocate 262144 bytes) in /home/tv2g6ggiv02w/uptime.admin.com/vendor/laravel/framework/src/Illuminate/Support/Collection.php on line 1850
[07-Mar-2019 11:10:43 America/Los_Angeles] PHP Fatal error:  Allowed memory size of 134217728 bytes exhausted (tried to allocate 20480 bytes) in /home/tv2g6ggiv02w/uptime.admin.com/vendor/laravel/framework/src/Illuminate/Database/Connection.php on line 332
